[16:39:38][PluginLoader][WARNING] Plugins directory not found.
[16:39:38][ProcessManager][WARNING] Failed to read PIDs: pid-list.txt (No such file or directory)
[16:39:38][NATTCore][INFO] NATT CORE initialization done
Version: 1.7.0 
Configuration path: https://gitlab.com/ap5vs/test-config/telnet-client-config/-/raw/main/test-config-2.yaml?ref_type=heads
Configuration loading mode: FROM URL
[16:39:38][NATTCore][INFO] Working directory path: /Users/terezaknapkova/Desktop/utb/5. sem/VS_cviko/02telnet-client-main
[16:39:38][NATTCore][INFO] Start loading of the configuration file ...
[16:39:39][NetworkIO][INFO] Yaml data has been loaded from network location (https://gitlab.com/ap5vs/test-config/telnet-client-config/-/raw/main/test-config-2.yaml?ref_type=heads)
[16:39:39][NATTCore][INFO] Configuration loading done
[16:39:39][NATTCore][INFO] Start building test structure according to the configuration ...
[16:39:39][NATTCore][INFO] Test structure ...
[16:39:39][NATTCore][INFO] Test structure building done
[16:39:39][NATTCore][INFO] Start test executing ...
[16:39:39][TestReportGenerator][INFO] Extenet reports generated. Final report will be saved to file: test_report.html
[16:39:39][NATTCore][INFO] Starts execution on the root keyword  ...
[16:39:39][MessageBuffer][INFO] Message buffer created for module with name: tel-server-1
[16:39:39][TelnetServer][INFO] (tel-server-1) Server socket is listening on port 9999
[16:39:39][MessageBuffer][INFO] Message buffer created for module with name: default
[16:39:39][ExternalProgramRunner][INFO] (default) Run external app with command: java -jar app/build/libs/app.jar localhost 9999
[16:39:39][ProcessManager][INFO] New PID (25385) added to file
[16:39:39][WaitKw][INFO] Waiting: 200 ms
[16:39:39][ProcessManager][INFO] PID (25385) removed from file
[16:39:39][ExternalProgramRunner][INFO] (default) External application ends with exit code 0
[16:39:39][TestSuiteKw][INFO] Test case 'Test odeslání zprávy 1' starts executing now
[16:39:39][ExternalProgramRunner][WARNING] (default) Failed to send data. External app is not running now!
[16:39:39][WaitKw][INFO] Waiting: 500 ms
[16:39:40][ExternalProgramRunner][WARNING] (default) Failed to send data. External app is not running now!
[16:39:40][WaitKw][INFO] Waiting: 1200 ms
[16:39:41][NATTContext][INFO] Data has been stored in to the variable 'var-1'. Data value: 
[16:39:41][NATTContext][INFO] Data has been stored in to the variable 'var-2'. Data value: 
[16:39:41][AssertEqualsKw][WARNING] Assertion failed. True was expected as the result. Condition: (Value of variable '' must equals expected text 'This is test message 1')
[16:39:41][AssertEqualsKw][WARNING] Assertion failed. True was expected as the result. Condition: (Value of variable '' must equals expected text 'Next test message')
[16:39:41][TestSuiteKw][ERROR] Test suite 'Testování odesílání zpráv' - Test case 'Test odeslání zprávy 1' failed
[16:39:41][MessageBuffer][INFO] Message buffer cleared
[16:39:42][TestSuiteKw][INFO] Test case 'Test odeslání zprávy 2' starts executing now
[16:39:42][ExternalProgramRunner][WARNING] (default) Failed to send data. External app is not running now!
[16:39:42][ExternalProgramRunner][WARNING] (default) Failed to send data. External app is not running now!
[16:39:42][ExternalProgramRunner][WARNING] (default) Failed to send data. External app is not running now!
[16:39:42][ExternalProgramRunner][WARNING] (default) Failed to send data. External app is not running now!
[16:39:42][ExternalProgramRunner][WARNING] (default) Failed to send data. External app is not running now!
[16:39:42][WaitKw][INFO] Waiting: 1200 ms
[16:39:43][NATTContext][INFO] Data has been stored in to the variable 'var-1'. Data value: 
[16:39:43][AssertEqualsKw][WARNING] Assertion failed. True was expected as the result. Condition: (Value of variable '' must equals expected text 'This is test message 3')
[16:39:43][NATTContext][INFO] Data has been stored in to the variable 'var-2'. Data value: 0
[16:39:43][AssertEqualsKw][WARNING] Assertion failed. True was expected as the result. Condition: (Expected value '5.000000' must be same as the value of the variable '0')
[16:39:43][TestSuiteKw][ERROR] Test suite 'Testování odesílání zpráv' - Test case 'Test odeslání zprávy 2' failed
[16:39:43][MessageBuffer][INFO] Message buffer cleared
[16:39:43][TestSuiteKw][INFO] Test case 'Test odeslání zprávy 3' starts executing now
[16:39:43][ExternalProgramRunner][WARNING] (default) Failed to send data. External app is not running now!
[16:39:43][ExternalProgramRunner][WARNING] (default) Failed to send data. External app is not running now!
[16:39:43][ExternalProgramRunner][WARNING] (default) Failed to send data. External app is not running now!
[16:39:43][WaitKw][INFO] Waiting: 1200 ms
[16:39:45][NATTContext][INFO] Data has been stored in to the variable 'var-1'. Data value: 
[16:39:45][TestSuiteKw][ERROR] Test suite 'Testování odesílání zpráv' - Test case 'Test odeslání zprávy 3' failed
[16:39:45][MessageBuffer][INFO] Message buffer cleared
[16:39:46][MessageBuffer][INFO] Message buffer cleared
[16:39:46][ExternalProgramRunner][INFO] (default) Run external app with command: java -jar app/build/libs/app.jar localhost 9999
[16:39:46][ProcessManager][INFO] New PID (25389) added to file
[16:39:46][WaitKw][INFO] Waiting: 200 ms
[16:39:46][ProcessManager][INFO] PID (25389) removed from file
[16:39:46][ExternalProgramRunner][INFO] (default) External application ends with exit code 0
[16:39:46][TestSuiteKw][INFO] Test case 'Test přijímání zpráv 1' starts executing now
[16:39:46][TelnetServer][INFO] (tel-server-1) Message send: This is message from server
[16:39:46][WaitKw][INFO] Waiting: 1200 ms
[16:39:47][NATTContext][INFO] Data has been stored in to the variable 'var-1'. Data value: 
[16:39:47][AssertEqualsKw][WARNING] Assertion failed. True was expected as the result. Condition: (Value of variable '' must equals expected text 'This is message from server')
[16:39:47][TestSuiteKw][ERROR] Test suite 'Testování přijímání zpráv' - Test case 'Test přijímání zpráv 1' failed
[16:39:47][MessageBuffer][INFO] Message buffer cleared
[16:39:48][TestSuiteKw][INFO] Test case 'Test přijímání zpráv 2' starts executing now
[16:39:48][TelnetServer][INFO] (tel-server-1) Message send: This is message from server 1
[16:39:48][WaitKw][INFO] Waiting: 400 ms
[16:39:48][TelnetServer][INFO] (tel-server-1) Message send: Next message
[16:39:48][WaitKw][INFO] Waiting: 900 ms
[16:39:49][NATTContext][INFO] Data has been stored in to the variable 'var-1'. Data value: 
[16:39:49][NATTContext][INFO] Data has been stored in to the variable 'var-2'. Data value: 
[16:39:49][AssertEqualsKw][WARNING] Assertion failed. True was expected as the result. Condition: (Value of variable '' must equals expected text 'This is message from server 1')
[16:39:49][AssertEqualsKw][WARNING] Assertion failed. True was expected as the result. Condition: (Value of variable '' must equals expected text 'Next message')
[16:39:49][TestSuiteKw][ERROR] Test suite 'Testování přijímání zpráv' - Test case 'Test přijímání zpráv 2' failed
[16:39:49][MessageBuffer][INFO] Message buffer cleared
[16:39:50][MessageBuffer][INFO] Message buffer cleared
[16:39:50][ExternalProgramRunner][INFO] (default) Run external app with command: java -jar app/build/libs/app.jar localhost 9999
[16:39:50][ProcessManager][INFO] New PID (25391) added to file
[16:39:50][WaitKw][INFO] Waiting: 200 ms
[16:39:50][ProcessManager][INFO] PID (25391) removed from file
[16:39:50][ExternalProgramRunner][INFO] (default) External application ends with exit code 0
[16:39:50][TestSuiteKw][INFO] Test case 'Test ukončení' starts executing now
[16:39:50][ExternalProgramRunner][WARNING] (default) Failed to send data. External app is not running now!
[16:39:50][WaitKw][INFO] Waiting: 1000 ms
[16:39:51][TestSuiteKw][ERROR] Test suite 'Test příkazu pro ukončení' - Test case 'Test ukončení' failed
[16:39:51][MessageBuffer][INFO] Message buffer cleared
[16:39:52][MessageBuffer][INFO] Message buffer cleared
[16:39:52][MessageBuffer][INFO] Message buffer cleared
[16:39:52][TelnetServer][INFO] (tel-server-1) Telnet server [tel-server-1] terminated
[16:39:52][TelnetServer][INFO] (tel-server-1) Server socket closed
[16:39:52][NATTCore][INFO] Test executing finished
[16:39:52][NATTCore][INFO] Start generating test report
[16:39:52][TestReportGenerator][INFO] Report saved to file
[16:39:52][NATTCore][WARNING] Failed test cases: "Test odeslání zprávy 1", "Test odeslání zprávy 2", "Test odeslání zprávy 3", "Test přijímání zpráv 1", "Test přijímání zpráv 2", "Test ukončení"
[16:39:52][NATTCore][INFO] Final score: 0.000000
[16:39:52][NATTCore][ERROR] Testing done. Leaving status: FAILED
